{"numTotalTestSuites":10,"numPassedTestSuites":10,"numFailedTestSuites":0,"numPendingTestSuites":0,"numTotalTests":23,"numPassedTests":23,"numFailedTests":0,"numPendingTests":0,"numTodoTests":0,"startTime":1750637241878,"success":true,"testResults":[{"assertionResults":[{"ancestorTitles":["","HybridRefactorAgent","constructor"],"fullName":" HybridRefactorAgent constructor should initialize with project path","status":"passed","title":"should initialize with project path","duration":4,"failureMessages":[]},{"ancestorTitles":["","HybridRefactorAgent","constructor"],"fullName":" HybridRefactorAgent constructor should detect AI availability","status":"passed","title":"should detect AI availability","duration":2,"failureMessages":[]},{"ancestorTitles":["","HybridRefactorAgent","estimateCost"],"fullName":" HybridRefactorAgent estimateCost should estimate cost for boundaries","status":"passed","title":"should estimate cost for boundaries","duration":3,"failureMessages":[]},{"ancestorTitles":["","HybridRefactorAgent","estimateCost"],"fullName":" HybridRefactorAgent estimateCost should provide detailed cost breakdown","status":"passed","title":"should provide detailed cost breakdown","duration":2,"failureMessages":[]},{"ancestorTitles":["","HybridRefactorAgent","estimateCost"],"fullName":" HybridRefactorAgent estimateCost should estimate different costs for different file sizes","status":"passed","title":"should estimate different costs for different file sizes","duration":2,"failureMessages":[]},{"ancestorTitles":["","HybridRefactorAgent","executeRefactoring"],"fullName":" HybridRefactorAgent executeRefactoring should execute refactoring in template mode","status":"passed","title":"should execute refactoring in template mode","duration":2350,"failureMessages":[]},{"ancestorTitles":["","HybridRefactorAgent","executeRefactoring"],"fullName":" HybridRefactorAgent executeRefactoring should generate clean architecture structure","status":"passed","title":"should generate clean architecture structure","duration":2348,"failureMessages":[]},{"ancestorTitles":["","HybridRefactorAgent","executeRefactoring"],"fullName":" HybridRefactorAgent executeRefactoring should generate tests for each layer","status":"passed","title":"should generate tests for each layer","duration":2347,"failureMessages":[]},{"ancestorTitles":["","HybridRefactorAgent","executeRefactoring"],"fullName":" HybridRefactorAgent executeRefactoring should handle dry-run mode","status":"passed","title":"should handle dry-run mode","duration":2346,"failureMessages":[]},{"ancestorTitles":["","HybridRefactorAgent","executeRefactoring"],"fullName":" HybridRefactorAgent executeRefactoring should apply changes when requested","status":"passed","title":"should apply changes when requested","duration":2347,"failureMessages":[]},{"ancestorTitles":["","HybridRefactorAgent","template generation"],"fullName":" HybridRefactorAgent template generation should generate domain entities","status":"passed","title":"should generate domain entities","duration":594,"failureMessages":[]},{"ancestorTitles":["","HybridRefactorAgent","template generation"],"fullName":" HybridRefactorAgent template generation should generate usecase services","status":"passed","title":"should generate usecase services","duration":596,"failureMessages":[]},{"ancestorTitles":["","HybridRefactorAgent","template generation"],"fullName":" HybridRefactorAgent template generation should generate repository interfaces","status":"passed","title":"should generate repository interfaces","duration":597,"failureMessages":[]},{"ancestorTitles":["","HybridRefactorAgent","template generation"],"fullName":" HybridRefactorAgent template generation should generate HTTP handlers","status":"passed","title":"should generate HTTP handlers","duration":597,"failureMessages":[]},{"ancestorTitles":["","HybridRefactorAgent","AI enhancement"],"fullName":" HybridRefactorAgent AI enhancement should use AI when available","status":"passed","title":"should use AI when available","duration":2134,"failureMessages":[]},{"ancestorTitles":["","HybridRefactorAgent","AI enhancement"],"fullName":" HybridRefactorAgent AI enhancement should fallback to templates when AI fails","status":"passed","title":"should fallback to templates when AI fails","duration":2135,"failureMessages":[]},{"ancestorTitles":["","HybridRefactorAgent","validation"],"fullName":" HybridRefactorAgent validation should validate generated code","status":"passed","title":"should validate generated code","duration":2095,"failureMessages":[]},{"ancestorTitles":["","HybridRefactorAgent","validation"],"fullName":" HybridRefactorAgent validation should handle compilation failures","status":"passed","title":"should handle compilation failures","duration":2099,"failureMessages":[]},{"ancestorTitles":["","HybridRefactorAgent","error handling"],"fullName":" HybridRefactorAgent error handling should handle file read errors gracefully","status":"passed","title":"should handle file read errors gracefully","duration":4,"failureMessages":[]},{"ancestorTitles":["","HybridRefactorAgent","error handling"],"fullName":" HybridRefactorAgent error handling should handle empty boundaries array","status":"passed","title":"should handle empty boundaries array","duration":3,"failureMessages":[]},{"ancestorTitles":["","HybridRefactorAgent","error handling"],"fullName":" HybridRefactorAgent error handling should handle invalid project structure","status":"passed","title":"should handle invalid project structure","duration":2093,"failureMessages":[]},{"ancestorTitles":["","HybridRefactorAgent","metrics collection"],"fullName":" HybridRefactorAgent metrics collection should collect transformation metrics","status":"passed","title":"should collect transformation metrics","duration":2094,"failureMessages":[]},{"ancestorTitles":["","HybridRefactorAgent","metrics collection"],"fullName":" HybridRefactorAgent metrics collection should track performance metrics","status":"passed","title":"should track performance metrics","duration":2099,"failureMessages":[]}],"startTime":1750637242629,"endTime":1750637271536,"status":"passed","message":"","name":"/Users/tmita/workspace/vibeflow/tests/unit/hybrid-refactor-agent.test.ts"}]}