{"numTotalTestSuites":6,"numPassedTestSuites":6,"numFailedTestSuites":0,"numPendingTestSuites":0,"numTotalTests":14,"numPassedTests":13,"numFailedTests":1,"numPendingTests":0,"numTodoTests":0,"startTime":1750501385957,"success":false,"testResults":[{"assertionResults":[{"ancestorTitles":["","IncrementalMigrationRunner","constructor"],"fullName":" IncrementalMigrationRunner constructor should initialize with correct name and description","status":"passed","title":"should initialize with correct name and description","duration":4,"failureMessages":[]},{"ancestorTitles":["","IncrementalMigrationRunner","execute"],"fullName":" IncrementalMigrationRunner execute should create stages from refactor plan","status":"passed","title":"should create stages from refactor plan","duration":19,"failureMessages":[]},{"ancestorTitles":["","IncrementalMigrationRunner","execute"],"fullName":" IncrementalMigrationRunner execute should execute stages in order","status":"passed","title":"should execute stages in order","duration":3,"failureMessages":[]},{"ancestorTitles":["","IncrementalMigrationRunner","execute"],"fullName":" IncrementalMigrationRunner execute should handle stage failures appropriately","status":"passed","title":"should handle stage failures appropriately","duration":6,"failureMessages":[]},{"ancestorTitles":["","IncrementalMigrationRunner","execute"],"fullName":" IncrementalMigrationRunner execute should create stage backups when configured","status":"passed","title":"should create stage backups when configured","duration":7,"failureMessages":[]},{"ancestorTitles":["","IncrementalMigrationRunner","execute"],"fullName":" IncrementalMigrationRunner execute should respect stage priorities","status":"passed","title":"should respect stage priorities","duration":4,"failureMessages":[]},{"ancestorTitles":["","IncrementalMigrationRunner","execute"],"fullName":" IncrementalMigrationRunner execute should handle dependency checking","status":"passed","title":"should handle dependency checking","duration":2,"failureMessages":[]},{"ancestorTitles":["","IncrementalMigrationRunner","execute"],"fullName":" IncrementalMigrationRunner execute should resume from specific stage","status":"passed","title":"should resume from specific stage","duration":1,"failureMessages":[]},{"ancestorTitles":["","IncrementalMigrationRunner","execute"],"fullName":" IncrementalMigrationRunner execute should skip specified stages","status":"passed","title":"should skip specified stages","duration":2,"failureMessages":[]},{"ancestorTitles":["","IncrementalMigrationRunner","execute"],"fullName":" IncrementalMigrationRunner execute should attempt build fixes on failure","status":"passed","title":"should attempt build fixes on failure","duration":2,"failureMessages":[]},{"ancestorTitles":["","IncrementalMigrationRunner","execute"],"fullName":" IncrementalMigrationRunner execute should generate appropriate recommendations","status":"failed","title":"should generate appropriate recommendations","duration":20,"failureMessages":["expected false to be true // Object.is equality"],"location":{"line":430,"column":104}},{"ancestorTitles":["","IncrementalMigrationRunner","stage creation"],"fullName":" IncrementalMigrationRunner stage creation should create foundation stage for module creation","status":"passed","title":"should create foundation stage for module creation","duration":3,"failureMessages":[]},{"ancestorTitles":["","IncrementalMigrationRunner","stage creation"],"fullName":" IncrementalMigrationRunner stage creation should batch remaining patches appropriately","status":"passed","title":"should batch remaining patches appropriately","duration":1,"failureMessages":[]},{"ancestorTitles":["","IncrementalMigrationRunner","patch application"],"fullName":" IncrementalMigrationRunner patch application should create directories for new files","status":"passed","title":"should create directories for new files","duration":1,"failureMessages":[]}],"startTime":1750501387549,"endTime":1750501387626,"status":"failed","message":"","name":"/Users/tmita/workspace/vibeflow/tests/unit/incremental-migration-runner.test.ts"}]}