{"numTotalTestSuites":12,"numPassedTestSuites":12,"numFailedTestSuites":0,"numPendingTestSuites":0,"numTotalTests":23,"numPassedTests":23,"numFailedTests":0,"numPendingTests":0,"numTodoTests":0,"startTime":1750499289208,"success":true,"testResults":[{"assertionResults":[{"ancestorTitles":["","BuildFixerAgent","constructor"],"fullName":" BuildFixerAgent constructor should initialize with correct name and description","status":"passed","title":"should initialize with correct name and description","duration":3,"failureMessages":[]},{"ancestorTitles":["","BuildFixerAgent","execute"],"fullName":" BuildFixerAgent execute should fix Go import errors","status":"passed","title":"should fix Go import errors","duration":9,"failureMessages":[]},{"ancestorTitles":["","BuildFixerAgent","execute"],"fullName":" BuildFixerAgent execute should handle Go dependency errors","status":"passed","title":"should handle Go dependency errors","duration":7,"failureMessages":[]},{"ancestorTitles":["","BuildFixerAgent","execute"],"fullName":" BuildFixerAgent execute should fix TypeScript import errors","status":"passed","title":"should fix TypeScript import errors","duration":3,"failureMessages":[]},{"ancestorTitles":["","BuildFixerAgent","execute"],"fullName":" BuildFixerAgent execute should handle Python import errors","status":"passed","title":"should handle Python import errors","duration":4,"failureMessages":[]},{"ancestorTitles":["","BuildFixerAgent","execute"],"fullName":" BuildFixerAgent execute should handle build failures after fixes","status":"passed","title":"should handle build failures after fixes","duration":15,"failureMessages":[]},{"ancestorTitles":["","BuildFixerAgent","execute"],"fullName":" BuildFixerAgent execute should apply advanced Go fixes when initial build fails","status":"passed","title":"should apply advanced Go fixes when initial build fails","duration":3,"failureMessages":[]},{"ancestorTitles":["","BuildFixerAgent","execute"],"fullName":" BuildFixerAgent execute should handle empty build errors","status":"passed","title":"should handle empty build errors","duration":1,"failureMessages":[]},{"ancestorTitles":["","BuildFixerAgent","execute"],"fullName":" BuildFixerAgent execute should generate confidence scores for fixes","status":"passed","title":"should generate confidence scores for fixes","duration":1,"failureMessages":[]},{"ancestorTitles":["","BuildFixerAgent","error categorization"],"fullName":" BuildFixerAgent error categorization should correctly categorize errors by type","status":"passed","title":"should correctly categorize errors by type","duration":1,"failureMessages":[]},{"ancestorTitles":["","BuildFixerAgent","patch generation"],"fullName":" BuildFixerAgent patch generation should generate correct patches","status":"passed","title":"should generate correct patches","duration":0,"failureMessages":[]}],"startTime":1750499290949,"endTime":1750499290997,"status":"passed","message":"","name":"/Users/tmita/workspace/vibeflow/tests/unit/build-fixer-agent.test.ts"},{"assertionResults":[{"ancestorTitles":["","EnhancedTestSynthAgent","constructor"],"fullName":" EnhancedTestSynthAgent constructor should initialize with correct name and description","status":"passed","title":"should initialize with correct name and description","duration":1,"failureMessages":[]},{"ancestorTitles":["","EnhancedTestSynthAgent","execute"],"fullName":" EnhancedTestSynthAgent execute should analyze coverage and generate tests for Go project","status":"passed","title":"should analyze coverage and generate tests for Go project","duration":26,"failureMessages":[]},{"ancestorTitles":["","EnhancedTestSynthAgent","execute"],"fullName":" EnhancedTestSynthAgent execute should identify coverage gaps","status":"passed","title":"should identify coverage gaps","duration":8,"failureMessages":[]},{"ancestorTitles":["","EnhancedTestSynthAgent","execute"],"fullName":" EnhancedTestSynthAgent execute should generate template-based tests when AI is disabled","status":"passed","title":"should generate template-based tests when AI is disabled","duration":7,"failureMessages":[]},{"ancestorTitles":["","EnhancedTestSynthAgent","execute"],"fullName":" EnhancedTestSynthAgent execute should generate AI-powered tests when enabled","status":"passed","title":"should generate AI-powered tests when enabled","duration":10,"failureMessages":[]},{"ancestorTitles":["","EnhancedTestSynthAgent","execute"],"fullName":" EnhancedTestSynthAgent execute should handle Python test generation","status":"passed","title":"should handle Python test generation","duration":5,"failureMessages":[]},{"ancestorTitles":["","EnhancedTestSynthAgent","execute"],"fullName":" EnhancedTestSynthAgent execute should handle TypeScript test generation","status":"passed","title":"should handle TypeScript test generation","duration":6,"failureMessages":[]},{"ancestorTitles":["","EnhancedTestSynthAgent","execute"],"fullName":" EnhancedTestSynthAgent execute should prioritize critical gaps","status":"passed","title":"should prioritize critical gaps","duration":5,"failureMessages":[]},{"ancestorTitles":["","EnhancedTestSynthAgent","execute"],"fullName":" EnhancedTestSynthAgent execute should respect coverage targets","status":"passed","title":"should respect coverage targets","duration":5,"failureMessages":[]},{"ancestorTitles":["","EnhancedTestSynthAgent","execute"],"fullName":" EnhancedTestSynthAgent execute should track AI usage costs","status":"passed","title":"should track AI usage costs","duration":5,"failureMessages":[]},{"ancestorTitles":["","EnhancedTestSynthAgent","coverage analysis"],"fullName":" EnhancedTestSynthAgent coverage analysis should correctly parse coverage reports","status":"passed","title":"should correctly parse coverage reports","duration":0,"failureMessages":[]},{"ancestorTitles":["","EnhancedTestSynthAgent","test generation strategies"],"fullName":" EnhancedTestSynthAgent test generation strategies should select appropriate strategy based on gap size","status":"passed","title":"should select appropriate strategy based on gap size","duration":1,"failureMessages":[]}],"startTime":1750499290112,"endTime":1750499290191,"status":"passed","message":"","name":"/Users/tmita/workspace/vibeflow/tests/unit/enhanced-test-synth-agent.test.ts"}]}