{"numTotalTestSuites":6,"numPassedTestSuites":6,"numFailedTestSuites":0,"numPendingTestSuites":0,"numTotalTests":9,"numPassedTests":9,"numFailedTests":0,"numPendingTests":0,"numTodoTests":0,"startTime":1750643687043,"success":true,"testResults":[{"assertionResults":[{"ancestorTitles":["","BusinessLogicMigrationAgent","business logic extraction"],"fullName":" BusinessLogicMigrationAgent business logic extraction should extract business rules from Go code","status":"passed","title":"should extract business rules from Go code","duration":19,"failureMessages":[]},{"ancestorTitles":["","BusinessLogicMigrationAgent","business logic extraction"],"fullName":" BusinessLogicMigrationAgent business logic extraction should extract complex business calculations","status":"passed","title":"should extract complex business calculations","duration":5,"failureMessages":[]},{"ancestorTitles":["","BusinessLogicMigrationAgent","business logic extraction"],"fullName":" BusinessLogicMigrationAgent business logic extraction should identify data access patterns","status":"passed","title":"should identify data access patterns","duration":6,"failureMessages":[]},{"ancestorTitles":["","BusinessLogicMigrationAgent","business logic migration with Claude Code"],"fullName":" BusinessLogicMigrationAgent business logic migration with Claude Code should migrate business rules to clean architecture","status":"passed","title":"should migrate business rules to clean architecture","duration":5,"failureMessages":[]},{"ancestorTitles":["","BusinessLogicMigrationAgent","business logic migration with Claude Code"],"fullName":" BusinessLogicMigrationAgent business logic migration with Claude Code should preserve complex business workflows","status":"passed","title":"should preserve complex business workflows","duration":7,"failureMessages":[]},{"ancestorTitles":["","BusinessLogicMigrationAgent","business logic migration with Claude Code"],"fullName":" BusinessLogicMigrationAgent business logic migration with Claude Code should handle migration failures gracefully","status":"passed","title":"should handle migration failures gracefully","duration":3,"failureMessages":[]},{"ancestorTitles":["","BusinessLogicMigrationAgent","business logic validation"],"fullName":" BusinessLogicMigrationAgent business logic validation should validate migrated business logic correctness","status":"passed","title":"should validate migrated business logic correctness","duration":4,"failureMessages":[]},{"ancestorTitles":["","BusinessLogicMigrationAgent","business logic validation"],"fullName":" BusinessLogicMigrationAgent business logic validation should detect missing business logic in migration","status":"passed","title":"should detect missing business logic in migration","duration":2,"failureMessages":[]},{"ancestorTitles":["","BusinessLogicMigrationAgent","integration with existing refactor flow"],"fullName":" BusinessLogicMigrationAgent integration with existing refactor flow should integrate with HybridRefactorAgent","status":"passed","title":"should integrate with HybridRefactorAgent","duration":3,"failureMessages":[]}],"startTime":1750643687951,"endTime":1750643688007,"status":"passed","message":"","name":"/Users/tmita/workspace/vibeflow/tests/unit/business-logic-migration-agent.test.ts"}]}